c:\users\cristina.morarescu\source\repos\seminar_2\seminar_2\debug\vc142.pdb
c:\users\cristina.morarescu\source\repos\seminar_2\seminar_2\debug\vc142.idb
c:\users\cristina.morarescu\source\repos\seminar_2\seminar_2\debug\tests.obj
c:\users\cristina.morarescu\source\repos\seminar_2\seminar_2\debug\student.obj
c:\users\cristina.morarescu\source\repos\seminar_2\seminar_2\debug\seminar_2.obj
c:\users\cristina.morarescu\source\repos\seminar_2\seminar_2\debug\repo.obj
c:\users\cristina.morarescu\source\repos\seminar_2\seminar_2\debug\operations.obj
c:\users\cristina.morarescu\source\repos\seminar_2\debug\seminar_2.pdb
c:\users\cristina.morarescu\source\repos\seminar_2\seminar_2\debug\seminar_2.tlog\cl.command.1.tlog
c:\users\cristina.morarescu\source\repos\seminar_2\seminar_2\debug\seminar_2.tlog\cl.read.1.tlog
c:\users\cristina.morarescu\source\repos\seminar_2\seminar_2\debug\seminar_2.tlog\cl.write.1.tlog
c:\users\cristina.morarescu\source\repos\seminar_2\seminar_2\debug\seminar_2.tlog\link-cvtres.read.1.tlog
c:\users\cristina.morarescu\source\repos\seminar_2\seminar_2\debug\seminar_2.tlog\link-cvtres.write.1.tlog
c:\users\cristina.morarescu\source\repos\seminar_2\seminar_2\debug\seminar_2.tlog\link-rc.read.1.tlog
c:\users\cristina.morarescu\source\repos\seminar_2\seminar_2\debug\seminar_2.tlog\link-rc.write.1.tlog
c:\users\cristina.morarescu\source\repos\seminar_2\seminar_2\debug\seminar_2.tlog\link.17784-cvtres.read.1.tlog
c:\users\cristina.morarescu\source\repos\seminar_2\seminar_2\debug\seminar_2.tlog\link.17784-cvtres.write.1.tlog
c:\users\cristina.morarescu\source\repos\seminar_2\seminar_2\debug\seminar_2.tlog\link.17784-rc.read.1.tlog
c:\users\cristina.morarescu\source\repos\seminar_2\seminar_2\debug\seminar_2.tlog\link.17784-rc.write.1.tlog
c:\users\cristina.morarescu\source\repos\seminar_2\seminar_2\debug\seminar_2.tlog\link.17784.read.1.tlog
c:\users\cristina.morarescu\source\repos\seminar_2\seminar_2\debug\seminar_2.tlog\link.17784.write.1.tlog
c:\users\cristina.morarescu\source\repos\seminar_2\seminar_2\debug\seminar_2.tlog\link.command.1.tlog
c:\users\cristina.morarescu\source\repos\seminar_2\seminar_2\debug\seminar_2.tlog\link.read.1.tlog
c:\users\cristina.morarescu\source\repos\seminar_2\seminar_2\debug\seminar_2.tlog\link.write.1.tlog
